/nas/longleaf/home/pogrant/.conda/envs/julia/bin/julia
ERROR: LoadError: identifier is missing
Stacktrace:
 [1] missingerror(::Symbol) at /nas/longleaf/home/pogrant/.julia/packages/BioCore/YBJvb/src/Exceptions.jl:22
 [2] identifier(::BioSequences.FASTA.Record) at /nas/longleaf/home/pogrant/.julia/packages/BioSequences/7i86L/src/fasta/record.jl:161
 [3] top-level scope at /proj/berglab/projects/LiftOver/scripts/julia_script/script.jl:10 [inlined]
 [4] top-level scope at ./none:0
 [5] include at ./boot.jl:326 [inlined]
 [6] include_relative(::Module, ::String) at ./loading.jl:1038
 [7] include(::Module, ::String) at ./sysimg.jl:29
 [8] exec_options(::Base.JLOptions) at ./client.jl:267
 [9] _start() at ./client.jl:436
in expression starting at /proj/berglab/projects/LiftOver/scripts/julia_script/script.jl:9
  Updating registry at `~/.julia/registries/General`
  Updating git-repo `https://github.com/JuliaRegistries/General.git`
[?25l[2K[?25h Resolving package versions...
  Updating `~/.julia/environments/v1.1/Project.toml`
 [no changes]
  Updating `~/.julia/environments/v1.1/Manifest.toml`
 [no changes]
NC_000001.11
NC_000002.12
NC_000003.12
NC_000004.12
NC_000005.10
NC_000006.12
NC_000007.14
NC_000008.11
NC_000009.12
NC_000010.11
NC_000011.10
NC_000012.12
NC_000013.11
NC_000014.9
NC_000015.10
NC_000016.10
NC_000017.11
NC_000018.10
NC_000019.10
NC_000020.11
NC_000021.9
NC_000022.11
NC_000023.11
NC_000024.10
NC_012920.1
NT_187361.1
NT_187362.1
NT_187363.1
NT_187364.1
NT_187365.1
NT_187366.1
NT_187367.1
NT_187368.1
NT_187369.1
NT_187370.1
NT_187371.1
NT_167215.1
NT_113793.3
NT_113948.1
NT_187372.1
NT_187373.1
NT_187374.1
NT_187375.1
NT_187376.1
NT_113796.3
NT_167219.1
NT_187377.1
NT_113888.1
NT_187378.1
NT_187379.1
NT_187380.1
NT_187381.1
NT_187382.1
NT_187383.1
NT_113930.2
NT_187384.1
NT_187385.1
NT_187386.1
NT_187387.1
NT_187388.1
NT_187389.1
NT_187390.1
NT_187391.1
NT_187392.1
NT_187393.1
NT_187394.1
NT_187395.1
NT_187396.1
NT_187397.1
NT_187398.1
NT_187399.1
NT_187400.1
NT_187401.1
NT_187402.1
NT_187403.1
NT_187404.1
NT_187405.1
NT_187406.1
NT_187407.1
NT_187408.1
NT_187409.1
NT_187410.1
NT_187411.1
NT_187412.1
NT_187413.1
NT_187414.1
NT_187415.1
NT_187416.1
NT_187417.1
NT_187418.1
NT_187419.1
NT_187420.1
NT_187421.1
NT_187422.1
NT_187423.1
NT_187424.1
NT_187425.1
NT_187426.1
NT_187427.1
NT_187428.1
NT_187429.1
NT_187430.1
NT_187431.1
NT_187432.1
NT_187433.1
NT_187434.1
NT_187435.1
NT_187436.1
NT_187437.1
NT_187438.1
NT_187439.1
NT_187440.1
NT_187441.1
NT_187442.1
NT_187443.1
NT_187444.1
NT_187445.1
NT_187446.1
NT_187447.1
NT_187448.1
NT_187449.1
NT_187450.1
NT_187451.1
NT_187452.1
NT_187453.1
NT_187454.1
NT_187455.1
NT_187456.1
NT_187457.1
NT_187458.1
NT_187459.1
NT_187460.1
NT_187461.1
NT_187462.1
NT_187463.1
NT_187464.1
NT_187465.1
NT_187466.1
NT_187467.1
NT_187468.1
NT_187469.1
NT_187470.1
NT_187471.1
NT_187472.1
NT_187473.1
NT_187474.1
NT_187475.1
NT_187476.1
NT_187477.1
NT_187478.1
NT_187479.1
NT_187480.1
NT_187481.1
NT_187482.1
NT_187483.1
NT_187484.1
NT_187485.1
NT_187486.1
NT_187487.1
NT_187488.1
NT_187489.1
NT_187490.1
NT_187491.1
NT_187492.1
NT_187493.1
NT_187494.1
NT_187495.1
NT_187496.1
NT_113901.1
NT_167213.1
NT_167214.1
NT_167218.1
NT_187497.1
NT_167220.1
NT_167208.1
NT_187498.1
NT_187499.1
NT_187500.1
NT_187501.1
NT_187502.1
NT_187503.1
NT_187504.1
NT_187505.1
NT_187506.1
NT_187507.1
NT_187508.1
NT_187509.1
NT_187510.1
NT_187511.1
NT_187512.1
NT_167209.1
NT_187513.1
NT_167211.2
NT_113889.1
