/nas/longleaf/home/pogrant/.conda/envs/julia/bin/julia
  Updating registry at `~/.julia/registries/General`
  Updating git-repo `https://github.com/JuliaRegistries/General.git`
[?25l    Fetching: [>                                        ]  0.0 %[2K[?25h Resolving package versions...
  Updating `~/.julia/environments/v1.1/Project.toml`
 [no changes]
  Updating `~/.julia/environments/v1.1/Manifest.toml`
 [no changes]
321.0
41197.0
219931.0
36755.0
10291.0
327222.0
6534.0
324007.0
1599.0
4.652687e6
6278.0
3568.0
4.414602e6
7924.0
6419.0
67186.0
4.192789e6
4.173847e6
9995.0
20745.0
15996.0
53491.0
5951.0
6999.0
1.097623e6
6606.0
23106.0
3485.0
3485.0
4.192789e6
126291.0
1099.0
6003.0
18001.0
6499.0
572745.0
6011.0
47515.0
5002.0
5001.0
4.197302e6
4.222111e6
4.222111e6
13000.0
1.551248e6
1.573161e6
13506.0
13008.0
7995.0
8496.0
35507.0
9019.0
9001.0
6318.0
5402.0
5404.0
11071.0
5021.0
26034.0
31963.0
5553.0
18546.0
31004.0
85051.0
109194.0
5100.0
327227.0
303233.0
8235.0
4902.0
5913.0
727003.0
110512.0
1027.0
66749.0
70997.0
31014.0
7271.0
15986.0
6999.0
532583.0
39934.0
1907.0
1907.0
48505.0
8540.0
7540.0
3790.0
114815.0
5999.0
34765.0
6353.0
16301.0
40133.0
48700.0
26248.0
430598.0
236480.0
63.0
13514.0
18001.0
136501.0
228601.0
172373.0
148494.0
88122.0
61718.0
359527.0
1925.0
249243.0
38875.0
846.0
8307.0
3337.0
867.0
5046.0
56902.0
25007.0
8602.0
1663.0
38794.0
5882.0
2772.0
55533.0
9903.0
44685.0
28684.0
6183.0
9990.0
7993.0
372995.0
116468.0
717065.0
727003.0
143015.0
517205.0
66554.0
169754.0
440277.0
4635.0
325766.0
12999.0
10546.0
6001.0
8001.0
198707.0
216707.0
181001.0
5501.0
351043.0
399001.0
1.390089e6
51862.0
9604.0
1.201985e6
4993.0
20459.0
5182.0
905836.0
4997.0
23881.0
58826.0
38293.0
29219.0
7973.0
14166.0
5349.0
6265.0
13439.0
67484.0
68341.0
1907.0
86737.0
9023.0
70474.0
1216.0
43603.0
65249.0
153285.0
5313.0
304333.0
10024.0
32001.0
34390.0
8434.0
6899.0
45130.0
5645.0
40044.0
55861.0
43603.0
385.0
5005.0
20868.0
5999.0
38200.0
13503.0
56328.0
16789.0
1.041991e6
752018.0
2880.0
13078.0
7001.0
5964.0
38008.0
5500.0
6490.0
18025.0
5202.0
8148.0
5912.0
11783.0
6882.0
29882.0
75.0
5013.0
54011.0
10806.0
6551.0
22002.0
128370.0
9003.0
73718.0
4675.0
3.674947e6
5999.0
42001.0
5.915533e6
850.0
1860.0
4.46137e6
7502.0
16099.0
5.914015e6
33000.0
842884.0
252744.0
252294.0
225689.0
220680.0
187787.0
1.095152e6
4708.0
258205.0
273207.0
882838.0
195156.0
882838.0
6001.0
8008.0
29015.0
17001.0
113976.0
11365.0
8004.0
635228.0
12581.0
119.0
5000.0
151831.0
7010.0
5801.0
64179.0
9581.0
5695.0
5298.0
16249.0
5065.0
4018.0
266.0
3888.0
70016.0
4.383996e6
5.916615e6
5999.0
1888.0
685.0
776.0
58.0
1500.0
1556.0
130812.0
6836.0
782.0
6929.0
3023.0
5980.0
799.0
15873.0
17993.0
124596.0
2679.0
35450.0
5.214205e6
4.378353e6
4.37535e6
3.247593e6
5685.0
249.0
1.041899e6
3.35302e6
2.449016e6
29994.0
242872.0
20993.0
12001.0
8202.0
7007.0
20501.0
4995.0
6495.0
18739.0
20101.0
8089.0
3218.0
193201.0
24562.0
254605.0
4988.0
996.0
159.0
2727.0
5.8285084e7
6622.0
13990.0
13260.0
5925.0
84135.0
66749.0
42094.0
70474.0
1.13338e6
4.192789e6
8034.0
60980.0
5.024736e6
5990.0
5.214205e6
1.029863e6
4.163271e6
100503.0
6348.0
177511.0
9002.0
5005.0
53757.0
10210.0
6616.0
5911.0
91954.0
2.572605e6
3.0188714e7
1972.0
1.9332465e7
11997.0
9279.0
27151.0
9006.0
20002.0
11003.0
56039.0
267000.0
255000.0
628998.0
45411.0
13750.0
5995.0
9118.0
11554.0
608124.0
796337.0
41001.0
818760.0
19201.0
188550.0
555300.0
587.0
33.0
54.0
53.0
92.0
1.337754e6
2.050851e6
70079.0
66526.0
60578.0
2.583908e6
4171.0
4075.0
135336.0
5388.0
562.0
731.0
606.0
158031.0
132496.0
287312.0
27675.0
6004.0
9001.0
34896.0
6430.0
84.0
15034.0
910.0
7613.0
14110.0
15995.0
4.383886e6
5880.0
12125.0
668.0
4434.0
1.248055e6
3414.0
22799.0
1.910553e6
6219.0
93483.0
10550.0
4896.0
4655.0
6999.0
2588.0
818.0
802.0
515.0
799.0
4885.0
15001.0
10356.0
20507.0
13005.0
1325.0
16557.0
7129.0
8134.0
569.0
11700.0
299490.0
10901.0
16019.0
7554.0
32992.0
13472.0
3554.0
230.0
56.0
391.0
7001.0
239909.0
277377.0
19754.0
622.0
59.0
1967.0
9532.0
1147.0
9758.0
541.0
21520.0
120.0
592600.0
65981.0
87477.0
13045.0
3109.0
11853.0
4321.0
5791.0
4850.0
1847.0
4049.0
90511.0
692.0
29882.0
6582.0
308.0
39981.0
31985.0
21440.0
2.539641e6
4.177246e6
11074.0
4171.0
4821.0
720.0
940.0
6282.0
8452.0
2045.0
179444.0
2757.0
6797.0
4488.0
5999.0
8997.0
30987.0
4997.0
4999.0
90455.0
60857.0
1283.0
6116.0
5000.0
8495.0
5007.0
30980.0
6492.0
11616.0
2.538747e6
4.197302e6
2.572605e6
6617.0
3334.0
2455.0
5833.0
290916.0
4.3491988e7
508299.0
338278.0
58068.0
167356.0
803506.0
180001.0
94001.0
335435.0
375172.0
268947.0
703603.0
74388.0
169196.0
1.852488e6
45788.0
570469.0
539118.0
594.0
508.0
569.0
696.0
588482.0
665.0
513.0
273356.0
234858.0
222564.0
727464.0
743.0
5202.0
47507.0
47599.0
8998.0
5001.0
45802.0
696000.0
11701.0
11001.0
44925.0
11250.0
62764.0
198190.0
9850.0
34119.0
18241.0
161.0
11001.0
43678.0
648.0
28841.0
5003.0
117462.0
5934.0
8997.0
2218.0
10249.0
27183.0
5051.0
21301.0
5101.0
19726.0
48003.0
120860.0
9501.0
22999.0
33999.0
5854.0
19198.0
21008.0
36340.0
20007.0
270.0
1276.0
2239.0
718.0
5051.0
5517.0
4181.0
226.0
82766.0
201266.0
142795.0
199951.0
158414.0
56131.0
895.0
36101.0
8547.0
8048.0
6001.0
664.0
39.0
9296.0
489.0
5115.0
61.0
32938.0
33370.0
6201.0
215128.0
941694.0
29118.0
32835.0
11328.0
1017.0
478601.0
123016.0
44678.0
8745.0
67558.0
6003.0
127820.0
6999.0
33358.0
224959.0
9201.0
4999.0
11228.0
5229.0
21504.0
1617.0
12599.0
68427.0
668.0
2153.0
103928.0
94089.0
547001.0
3.972e6
12412.0
3198.0
945.0
74367.0
24625.0
45332.0
73117.0
75009.0
139901.0
295997.0
46441.0
11721.0
24008.0
112576.0
3454.0
79810.0
11600.0
139.0
9873.0
43024.0
3977.0
115230.0
24001.0
12351.0
277.0
118784.0
556.0
4960.0
513211.0
652.0
528.0
206.0
588.0
691.0
470.0
74809.0
68001.0
489212.0
120165.0
51718.0
48491.0
23172.0
15751.0
51970.0
611.0
1.043002e6
895.0
133579.0
5.3937085e7
42.0
96.0
145.0
66.0
18.0
2.74321e6
3.875188e6
328874.0
27818.0
329155.0
165985.0
371752.0
12649.0
569.0
21111.0
3.1265581e7
2.2232457e7
2.83089e6
2.0292781e7
1.6970294e7
5.045464e6
851375.0
3.3739021e7
472362.0
2.557111e6
10925.0
82259.0
3257.0
4328.0
8.5572134e7
177216.0
616.0
26839.0
161.0
6769.0
125202.0
164131.0
1.000533e6
116199.0
194407.0
1.598454e6
1.315777e6
46753.0
285264.0
426643.0
7049.0
49001.0
447108.0
12244.0
106634.0
8501.0
7813.0
3307.0
5145.0
137887.0
82367.0
25233.0
70867.0
139901.0
137126.0
1.086311e6
164276.0
301153.0
974.0
150.0
19999.0
383862.0
86385.0
407283.0
373584.0
281984.0
166577.0
401414.0
309801.0
114531.0
30411.0
412009.0
159640.0
82297.0
32226.0
29162.0
45183.0
117573.0
179305.0
373263.0
181184.0
372293.0
280659.0
130489.0
335154.0
223622.0
178663.0
314408.0
238315.0
223919.0
148724.0
166199.0
78964.0
313733.0
49575.0
4.290997e6
28810.0
1111.0
113001.0
1.046999e6
577588.0
242995.0
3.0351673e7
15004.0
6.8752702e7
661.0
44.0
93.0
6.178859e6
1.7315817e7
6.7998116e7
345014.0
115495.0
7304.0
8724.0
35715.0
42809.0
482700.0
108261.0
791003.0
1.879601e6
1.862906e6
349914.0
201892.0
49834.0
147381.0
27184.0
45798.0
10959.0
470545.0
347.0
18357.0
22514.0
412.0
110707.0
89234.0
137118.0
175710.0
635999.0
10999.0
162999.0
481530.0
291998.0
36971.0
8747.0
330208.0
8873.0
18732.0
17446.0
2656.0
22671.0
21001.0
784751.0
364717.0
116914.0
135601.0
471029.0
75232.0
1.10348e6
807317.0
1.767992e6
57835.0
133072.0
1.168224e6
5793.0
322508.0
257047.0
51995.0
23006.0
190357.0
2291.0
4473.0
287529.0
1045.0
21601.0
148448.0
4998.0
34776.0
334.0
18186.0
668175.0
66115.0
14567.0
4044.0
92.0
1392.0
4411.0
1412.0
47162.0
256823.0
782.0
663.0
209446.0
723.0
159680.0
109108.0
21890.0
176466.0
164279.0
123269.0
114379.0
64111.0
87511.0
9593.0
29023.0
4415.0
91141.0
671.0
22822.0
468895.0
1418.0
3270.0
62.0
4592.0
3547.0
91697.0
5003.0
1016.0
49.0
1015.0
824.0
825.0
5224.0
67819.0
9.1414627e7
25110.0
8.6572804e7
8.6913742e7
93.0
1.1823848e7
43835.0
220902.0
12182.0
26002.0
22502.0
9.100728e6
123089.0
534109.0
4.548651e6
97.0
12549.0
346145.0
916.0
665701.0
1.056501e6
582930.0
5.642921e6
390069.0
2.865183e6
73702.0
314363.0
331365.0
1.158669e6
334990.0
19039.0
18001.0
131001.0
111399.0
1.1524747e7
126752.0
39547.0
536286.0
1.094498e6
572.0
5983.0
155624.0
5098.0
20331.0
86831.0
614260.0
275931.0
706553.0
94958.0
583524.0
5704.0
8103.0
133122.0
30769.0
536.0
931.0
105.0
24430.0
3960.0
46177.0
82094.0
7626.0
156.0
8726.0
531566.0
533809.0
20715.0
34099.0
10119.0
20448.0
91097.0
67832.0
1036.0
3667.0
186095.0
459114.0
11718.0
5404.0
15155.0
15189.0
986072.0
6708.0
3867.0
130458.0
115788.0
1158.0
2994.0
3199.0
161303.0
30578.0
834101.0
920570.0
5411.0
2.575168e6
30045.0
9993.0
98903.0
15602.0
521.0
171040.0
149556.0
4737.0
35009.0
2221.0
9097.0
2817.0
6.454328e6
354.0
104011.0
5101.0
50183.0
7001.0
2.616739e7
1.306605e6
4.3934493e7
3.4432789e7
3.842838e6
105223.0
6.289155e6
68885.0
419.0
9981.0
477001.0
2986.0
9594.0
1737.0
121363.0
79.0
407094.0
81900.0
22332.0
5001.0
63575.0
101990.0
77065.0
7116.0
85318.0
110388.0
712241.0
1.072656e6
5274.0
26001.0
8576.0
5501.0
36134.0
20008.0
8301.0
30301.0
114225.0
55503.0
118897.0
362744.0
752916.0
512760.0
145024.0
48395.0
120620.0
10187.0
157575.0
108299.0
10001.0
2.9210434e7
854913.0
817848.0
33071.0
988986.0
13499.0
47000.0
22412.0
26912.0
725951.0
93605.0
81915.0
799840.0
385498.0
51371.0
40738.0
151001.0
36001.0
5001.0
30068.0
26901.0
276660.0
2978.0
204098.0
435.0
514.0
287096.0
38363.0
774.0
511.0
11088.0
1230.0
708.0
28305.0
116.0
997.0
5683.0
2.3279173e7
7.0046807e7
228045.0
482.0
7233.0
73155.0
711.0
333001.0
180999.0
29970.0
79252.0
64697.0
370620.0
356727.0
538528.0
542454.0
12271.0
7998.0
8034.0
166585.0
1009.0
587.0
462.0
733.0
5095.0
16434.0
645989.0
101351.0
11487.0
3074.0
13439.0
423.0
2877.0
635.0
742.0
92.0
447.0
85.0
118778.0
7699.0
209936.0
9937.0
23251.0
137957.0
14559.0
8812.0
11442.0
212857.0
15202.0
1757.0
146.0
335047.0
17871.0
2665.0
5494.0
213.0
1210.0
447.0
5994.0
5948.0
6957.0
5984.0
26417.0
17934.0
147559.0
791.0
21532.0
117066.0
42876.0
3432.0
9016.0
407466.0
3.385601e6
691.0
7860.0
5133.0
265583.0
193844.0
10643.0
18831.0
833.0
8032.0
43502.0
4816.0
45.0
634.0
128352.0
132892.0
145963.0
1.644501e6
2.157998e6
1.206002e6
651825.0
4177.0
178989.0
22494.0
45494.0
117041.0
43763.0
8015.0
8890.0
18996.0
70003.0
1771.0
1.224149e6
132304.0
9745.0
4996.0
7982.0
432631.0
415723.0
9902.0
19005.0
11603.0
12003.0
17005.0
7153.0
7502.0
20000.0
10179.0
29025.0
5094.0
10003.0
32994.0
168278.0
91014.0
14560.0
5990.0
11499.0
6001.0
210220.0
5999.0
10021.0
1615.0
5044.0
105200.0
78846.0
79795.0
8001.0
5591.0
92379.0
81052.0
88240.0
5001.0
5001.0
15002.0
5001.0
64016.0
6102.0
5988.0
302379.0
27972.0
4613.0
46041.0
4019.0
4801.0
52461.0
45519.0
27673.0
32763.0
5971.0
22001.0
26100.0
7995.0
27011.0
4704.0
41100.0
5835.0
2.021938e6
944401.0
138301.0
359920.0
328925.0
9951.0
32948.0
17444.0
23191.0
65688.0
259980.0
253722.0
5996.0
8998.0
10483.0
5005.0
14595.0
31098.0
9996.0
294592.0
7002.0
4775.0
5009.0
454704.0
19091.0
7899.0
8006.0
23252.0
10001.0
5401.0
8001.0
21577.0
6001.0
61064.0
17064.0
5149.0
5010.0
5501.0
636348.0
13437.0
123958.0
792157.0
278977.0
14552.0
427344.0
1.714785e6
1.155003e6
2.215095e6
61164.0
12201.0
8001.0
5410.0
19991.0
5315.0
12006.0
5594.0
3386.0
6998.0
10438.0
1119.0
10320.0
139148.0
27673.0
998821.0
468215.0
55495.0
35822.0
33749.0
6002.0
12008.0
48432.0
6897.0
1254.0
129007.0
120219.0
48001.0
2735.0
339.0
675.0
6004.0
10725.0
3768.0
70.0
5005.0
381.0
13001.0
69692.0
177039.0
4818.0
14816.0
27972.0
6356.0
3063.0
83690.0
177324.0
293451.0
23826.0
159601.0
83909.0
744011.0
34494.0
15185.0
125852.0
7997.0
637557.0
158542.0
15611.0
3740.0
47384.0
29978.0
25498.0
102418.0
151926.0
7099.0
33947.0
130466.0
65688.0
1.091798e6
163001.0
6103.0
4135.0
5132.0
8840.0
420.0
1202.0
7770.0
7159.0
8002.0
5005.0
16073.0
8238.0
51980.0
7994.0
169896.0
360498.0
35342.0
8115.0
143437.0
6051.0
861252.0
15530.0
187565.0
917972.0
138679.0
5187.0
130440.0
12525.0
5685.0
5004.0
10559.0
10704.0
10605.0
8002.0
709.0
15125.0
10981.0
168.0
1228.0
43.0
4983.0
4605.0
27087.0
8988.0
791.0
528.0
931.0
1973.0
6302.0
5625.0
5102.0
259980.0
10009.0
220.0
11138.0
30516.0
61253.0
3590.0
7938.0
29996.0
896.0
5007.0
2670.0
35499.0
1604.0
32534.0
28307.0
5224.0
18108.0
6994.0
10101.0
72035.0
6601.0
6001.0
15250.0
5099.0
25041.0
1805.0
697.0
517.0
347743.0
1863.0
153164.0
189900.0
77001.0
1422.0
370002.0
43067.0
5399.0
31640.0
474001.0
4998.0
15611.0
914.0
6477.0
28040.0
14990.0
9001.0
55.0
2.446707e6
717915.0
505720.0
6004.0
768.0
143569.0
27550.0
14524.0
9002.0
2490.0
5818.0
1748.0
607.0
1064.0
397.0
31516.0
12838.0
280251.0
2595.0
31220.0
8966.0
8248.0
31849.0
4857.0
10299.0
5140.0
1032.0
404.0
82325.0
65188.0
13301.0
22758.0
82108.0
10117.0
9002.0
61119.0
16707.0
621.0
361462.0
118228.0
385000.0
159088.0
160100.0
229453.0
116322.0
119636.0
916.0
4567.0
750.0
312404.0
77017.0
3118.0
2344.0
8000.0
68870.0
10980.0
5227.0
6994.0
6001.0
16275.0
339413.0
57567.0
57567.0
885.0
427.0
116667.0
511.0
314822.0
259499.0
15824.0
18636.0
4122.0
298722.0
18000.0
112766.0
520698.0
391680.0
133602.0
10644.0
174692.0
775813.0
51992.0
17999.0
17002.0
19630.0
5699.0
1995.0
9501.0
227.0
15125.0
19407.0
922647.0
439225.0
7979.0
219064.0
398.0
3848.0
3920.0
5139.0
13502.0
5.495868e6
328.0
16221.0
8001.0
7441.0
12798.0
184676.0
27001.0
239412.0
939.0
354694.0
414800.0
176834.0
101.0
66865.0
447353.0
2391.0
19171.0
724.0
71001.0
3882.0
854.0
9693.0
77933.0
80.0
57895.0
171.0
131545.0
271201.0
354.0
12814.0
11556.0
24909.0
61404.0
3262.0
2610.0
16355.0
2794.0
11065.0
16181.0
63946.0
96168.0
413483.0
45.0
896.0
34162.0
9996.0
91.0
165899.0
952.0
160835.0
4.720869e6
42824.0
3027.0
154464.0
7860.0
3142.0
524045.0
8723.0
5997.0
30.0
3537.0
7514.0
236857.0
2443.0
31003.0
375537.0
625.0
263.0
539.0
5748.0
5418.0
4131.0
11864.0
172.0
21659.0
554.0
2780.0
40840.0
9724.0
98460.0
286.0
7401.0
1206.0
1985.0
6665.0
5773.0
22391.0
2749.0
763.0
3936.0
17908.0
9455.0
1250.0
2178.0
27998.0
14998.0
5341.0
5363.0
7023.0
11033.0
1022.0
5641.0
27935.0
422.0
1.25233e6
657.0
87206.0
242936.0
164.0
64.0
213274.0
739.0
647.0
14324.0
485369.0
93395.0
367264.0
56504.0
36076.0
90.0
97073.0
238898.0
244400.0
316.0
101.0
98.0
79600.0
685853.0
337267.0
22370.0
12913.0
19757.0
103.0
438.0
23906.0
7002.0
5902.0
18001.0
134247.0
808630.0
71616.0
305041.0
185408.0
34302.0
485943.0
80.0
392.0
327.0
242.0
228.0
9566.0
100228.0
352409.0
5665.0
720982.0
465.0
19340.0
2.0692396e7
27322.0
991169.0
12494.0
287056.0
15859.0
730189.0
440259.0
802994.0
546884.0
54648.0
224715.0
7231.0
21653.0
7.969462e6
64478.0
414042.0
53812.0
270734.0
7435.0
130123.0
130135.0
16352.0
60404.0
205591.0
8999.0
71014.0
2.598637e6
1.735062e6
6674.0
313496.0
22001.0
191678.0
152685.0
5423.0
14209.0
186619.0
489566.0
9979.0
85001.0
51576.0
677977.0
426695.0
94800.0
676263.0
7998.0
399999.0
778265.0
86981.0
699458.0
458.0
326.0
2.042305e6
323629.0
5.6828628e7
2.8535098e7
2.4897002e7
46.0
102.0
104.0
36.0
64.0
51.0
24.0
45.0
491.0
5153.0
13619.0
36391.0
8002.0
6499.0
40862.0
110000.0
3588.0
14023.0
7099.0
209.0
299.0
8310.0
26305.0
15326.0
17528.0
5171.0
2.63264e6
4418.0
41794.0
377427.0
10382.0
12966.0
188983.0
75311.0
6001.0
242250.0
27002.0
21715.0
1.810898e6
26135.0
13502.0
136527.0
22279.0
28175.0
129552.0
293493.0
759173.0
32543.0
736.0
117605.0
61054.0
15999.0
7937.0
107758.0
7866.0
372968.0
248001.0
2.628342e6
2.628342e6
13008.0
2.628342e6
5000.0
2.639303e6
2.640482e6
6424.0
2.674303e6
8345.0
5543.0
10846.0
31724.0
2.636103e6
128211.0
44344.0
6838.0
10886.0
19614.0
9762.0
24111.0
19410.0
873819.0
3804.0
6006.0
18584.0
13327.0
15776.0
16122.0
8500.0
20080.0
6984.0
5491.0
65479.0
6273.0
11276.0
23718.0
12104.0
5071.0
3.875511e6
4999.0
177.0
13733.0
405.0
5918.0
5876.0
34001.0
22872.0
11060.0
70112.0
31055.0
311.0
3132.0
5333.0
5308.0
2827.0
43478.0
473296.0
5098.0
11580.0
6954.0
19560.0
342.0
14776.0
4996.0
144.0
264790.0
13575.0
5264.0
4901.0
4418.0
9924.0
28979.0
87506.0
483600.0
6001.0
3497.0
957990.0
874425.0
4.6014322e7
43455.0
1.1708788e7
25224.0
5010.0
1.5556585e7
2.1499275e7
3294.0
29.0
29.0
34.0
5551.0
798797.0
2955.0
54677.0
814144.0
35983.0
3.14859e6
52423.0
261246.0
122171.0
11004.0
670999.0
491.0
76593.0
1.03306e6
499604.0
2955.0
25325.0
278000.0
114779.0
9847.0
92105.0
9981.0
20915.0
22238.0
3204.0
3518.0
63864.0
63864.0
15586.0
14249.0
11559.0
163225.0
28993.0
5704.0
29279.0
2355.0
1.102818e6
34783.0
121.0
5299.0
31801.0
16997.0
6149.0
9004.0
913.0
213002.0
796906.0
321729.0
71026.0
8352.0
30595.0
737584.0
6509.0
712604.0
716611.0
1.428441e6
711093.0
984341.0
735358.0
1.07646982e8
4977.0
8769.0
123642.0
14069.0
26210.0
14610.0
1.413575e6
4903.0
79561.0
5912.0
2.558964e6
74026.0
7394.0
1630.0
7902.0
687.0
2402.0
824.0
221277.0
32436.0
4140.0
163001.0
45299.0
126736.0
2698.0
7019.0
13047.0
6527.0
29379.0
8968.0
6960.0
179450.0
73054.0
6660.0
21378.0
6035.0
1142.0
34077.0
4357.0
39008.0
4210.0
20861.0
1006.0
1390.0
16009.0
6482.0
8702.0
7578.0
1369.0
54.0
747.0
4.6831753e7
1.00969165e8
1.07195401e8
1.05413694e8
1.00118299e8
1.04173864e8
1.05623619e8
2.524812e6
971.0
126678.0
8999.0
2729.0
6258.0
19130.0
9397.0
5097.0
13499.0
12518.0
5970.0
269.0
6596.0
5557.0
7053.0
805842.0
8726.0
13168.0
5084.0
5102.0
30754.0
146620.0
409501.0
89769.0
57084.0
298011.0
6299.0
555026.0
435998.0
79695.0
410694.0
168252.0
253245.0
18639.0
148840.0
196381.0
8494.0
10132.0
152725.0
2628.0
7825.0
1570.0
154390.0
35863.0
5590.0
743.0
444.0
2278.0
35174.0
82404.0
419392.0
48227.0
151.0
9028.0
27501.0
39001.0
66543.0
1875.0
7750.0
24988.0
73360.0
74.0
7999.0
76.0
844.0
481690.0
23960.0
23051.0
743655.0
50504.0
75576.0
91010.0
29001.0
132180.0
1.311318e6
220.0
306.0
7.18397e6
67133.0
28963.0
86378.0
134436.0
4997.0
650.0
63.0
114.0
108.0
14208.0
31563.0
177.0
94136.0
130.0
7.0
30.0
64.0
242866.0
37502.0
81694.0
15012.0
12215.0
4786.0
21604.0
2157.0
447.0
5226.0
33146.0
10302.0
864.0
10950.0
9752.0
4999.0
17062.0
653.0
12030.0
4973.0
28281.0
16955.0
776.0
974.0
16095.0
225283.0
67209.0
508.0
707.0
32847.0
53896.0
5.103874e7
5.1038618e7
5.119821e7
720457.0
47085.0
215719.0
4279.0
295225.0
74889.0
223339.0
33170.0
277.0
84463.0
18751.0
105693.0
52244.0
3929.0
76244.0
631832.0
60130.0
234264.0
96187.0
134953.0
107477.0
186879.0
3245.0
52860.0
21719.0
174358.0
9.4764509e7
212381.0
6193.0
83.0
1.137389e6
155240.0
2385.0
2369.0
1979.0
33999.0
34218.0
13281.0
133203.0
39162.0
223642.0
11321.0
300464.0
397822.0
111464.0
73173.0
4.0095193e7
6.4156265e7
6.609006e6
1.5663911e7
5.8233482e7
4.1692905e7
1979.0
17361.0
31500.0
633102.0
407274.0
3.698757e6
345166.0
161421.0
51511.0
740.0
136560.0
2.269824e6
31385.0
87001.0
1.970461e6
1.344115e6
110225.0
23047.0
1.37262e6
44001.0
14550.0
4855.0
36461.0
396289.0
1.229523e6
2.137329e6
288973.0
339999.0
1.238117e6
568646.0
12635.0
84525.0
53176.0
346001.0
13001.0
15351.0
18909.0
534301.0
57952.0
76903.0
3822.0
614900.0
742.0
14759.0
128433.0
145125.0
842.0
314430.0
55701.0
1.157001e6
353674.0
8001.0
81603.0
157594.0
428169.0
77486.0
60550.0
8990.0
4984.0
140139.0
503.0
252.0
333572.0
13751.0
174833.0
89110.0
13063.0
11058.0
3808.0
37224.0
644.0
646.0
885430.0
39034.0
28355.0
873726.0
46303.0
18907.0
54770.0
55213.0
8002.0
13644.0
56.0
10595.0
64787.0
6010.0
730463.0
586218.0
186110.0
27420.0
31476.0
3005.0
506495.0
7301.0
157289.0
25830.0
16329.0
6601.0
35017.0
9673.0
235291.0
9547.0
7049.0
12022.0
2626.0
2456.0
3339.0
2596.0
4697.0
25825.0
390.0
70.0
2551.0
280.0
538.0
5133.0
5942.0
103.0
889.0
32229.0
106049.0
226.0
285.0
570.0
16551.0
81380.0
397.0
3000.0
504.0
12925.0
20004.0
14911.0
62380.0
11868.0
571.0
70133.0
29.0
394.0
59.0
881.0
593.0
802.0
5214.0
9489.0
497.0
756.0
634.0
3970.0
4170.0
5017.0
621.0
5549.0
16006.0
2250.0
123.0
3979.0
724.0
2401.0
1755.0
126939.0
8922.0
4605.0
9392.0
5567.0
358204.0
117.0
8003.0
574.0
1675.0
1574.0
2588.0
523477.0
44149.0
610948.0
5247.0
5109.0
759.0
108718.0
20583.0
22555.0
31988.0
865936.0
874358.0
874354.0
15584.0
864913.0
849253.0
12441.0
148.0
464.0
96.0
238.0
9582.0
32515.0
900800.0
121948.0
10649.0
101341.0
130222.0
7002.0
67507.0
19500.0
50610.0
68280.0
48438.0
5101.0
26876.0
7000.0
6004.0
8421.0
235.0
5718.0
331.0
730463.0
6483.0
46284.0
420.0
7150.0
19998.0
43168.0
14022.0
6085.0
5701.0
993.0
504.0
577.0
48258.0
584.0
736.0
82020.0
404570.0
687.0
648.0
805.0
529104.0
5392.0
494.0
677.0
149618.0
3095.0
3283.0
3691.0
11123.0
640.0
22908.0
33581.0
3787.0
748.0
5998.0
464.0
19997.0
526651.0
138486.0
902820.0
30291.0
53576.0
894395.0
902817.0
22776.0
34712.0
902342.0
52971.0
174043.0
34099.0
902213.0
48380.0
893788.0
38792.0
902211.0
32903.0
1.377991e6
31267.0
123345.0
141866.0
902833.0
902833.0
902833.0
11993.0
902833.0
947197.0
47166.0
41438.0
902826.0
902823.0
927448.0
939463.0
902210.0
76018.0
15.0
42964.0
51161.0
55246.0
147647.0
901818.0
901818.0
36889.0
901818.0
19676.0
21779.0
24302.0
26955.0
30253.0
48964.0
901818.0
16781.0
901819.0
901819.0
1532.0
23.0
40.0
36.0
54.0
54577.0
141039.0
901868.0
901822.0
17288.0
20619.0
27880.0
893398.0
901821.0
33706.0
17796.0
902834.0
902834.0
902834.0
21204.0
902834.0
1501.0
200642.0
11715.0
5049.0
22993.0
49668.0
49967.0
2169.0
275863.0
316108.0
91275.0
43217.0
60734.0
82378.0
472.0
14681.0
20892.0
426735.0
2.908384e6
266522.0
198537.0
1902.0
11880.0
5261.0
71.0
2691.0
276671.0
78941.0
69088.0
250166.0
280691.0
197024.0
52572.0
375.0
1.154907e6
112292.0
112763.0
110400.0
8388.0
5008.0
5662.0
114162.0
8999.0
3203.0
34103.0
38384.0
198921.0
25315.0
49988.0
2311.0
112813.0
113516.0
114487.0
229454.0
211274.0
150940.0
155254.0
327780.0
150112.0
149186.0
152583.0
191918.0
145534.0
148524.0
148799.0
112883.0
114341.0
115204.0
9727.0
122339.0
4.528734e6
29283.0
49738.0
33333.0
901441.0
901441.0
901441.0
40053.0
52204.0
901811.0
75121.0
38017.0
49.0
9100.0
13997.0
12009.0
5113.0
13487.0
16908.0
901811.0
901812.0
901812.0
137279.0
938378.0
1.010308e6
40380.0
46154.0
50117.0
173648.0
901816.0
901816.0
197890.0
901815.0
901815.0
901815.0
38390.0
45647.0
901814.0
27440.0
13406.0
10306.0
4997.0
618673.0
965057.0
484317.0
95125.0
9076.0
541667.0
32516.0
4851.0
282477.0
187829.0
94604.0
73920.0
23596.0
8992.0
9318.0
292335.0
5242.0
11001.0
29694.0
130339.0
798.0
406.0
5456.0
5183.0
4994.0
9105.0
6344.0
6983.0
5173.0
8528.0
1486.0
15277.0
398001.0
4721.0
6295.0
295.0
22707.0
663.0
46.0
774.0
113.0
14302.0
878.0
139.0
366.0
2359.0
5940.0
7840.0
1.840301e6
1272.0
240002.0
7654.0
104.0
157104.0
553490.0
7000.0
2.331214e6
2.368816e6
2.764613e6
85542.0
4751.0
4723.0
31963.0
38395.0
824.0
8020.0
7220.0
7282.0
5993.0
46184.0
109126.0
17824.0
7980.0
47999.0
9723.0
17082.0
91324.0
151.0
9960.0
7000.0
46391.0
7226.0
7000.0
40939.0
1.244143e6
760943.0
111919.0
23507.0
42412.0
4019.0
72.0
181033.0
219927.0
7816.0
86524.0
49003.0
121698.0
173.0
110.0
619.0
385.0
396.0
391.0
377.0
535550.0
71741.0
55.0
37.0
18.0
554507.0
154201.0
37999.0
598321.0
239732.0
6788.0
177507.0
177507.0
5110.0
204762.0
393597.0
404282.0
154194.0
56307.0
15002.0
287022.0
5099.0
8174.0
1.675001e6
5001.0
3.070501e6
9000.0
148354.0
156273.0
156273.0
2045.0
2045.0
156273.0
5173.0
98140.0
7150.0
7706.0
11002.0
20472.0
2679.0
7501.0
34295.0
16351.0
34707.0
8955.0
31329.0
285660.0
14503.0
41022.0
210795.0
6201.0
30016.0
17403.0
13834.0
17521.0
15999.0
711329.0
112603.0
204.0
4978.0
88.0
109445.0
109445.0
3542.0
539221.0
16605.0
7184.0
16311.0
334.0
182.0
313.0
313.0
313.0
313.0
539221.0
197482.0
45194.0
23308.0
197482.0
197482.0
51512.0
197482.0
4361.0
45443.0
197482.0
4284.0
185.0
9054.0
4978.0
1128.0
10726.0
421192.0
133156.0
184999.0
1.999298e6
1.991282e6
1.991364e6
1.992008e6
12641.0
29274.0
54736.0
186001.0
17500.0
5999.0
48988.0
9576.0
6300.0
51801.0
7199.0
26365.0
49037.0
29976.0
1.940019e6
1.137186e6
1.16794e6
1.410338e6
5887.0
1.5183674e7
1.5183674e7
8.052574e6
405308.0
511326.0
68912.0
620604.0
106474.0
156974.0
129080.0
162080.0
293830.0
750518.0
40527.0
1.104325e6
87535.0
1.091931e6
1.063745e6
1.010377e6
5049.0
1.7639735e7
8999.0
33800.0
15884.0
364070.0
68073.0
164001.0
692.0
3176.0
2310.0
94731.0
3710.0
3306.0
4336.0
2138.0
4299.0
6363.0
2765.0
39121.0
125.0
5131.0
14396.0
4315.0
363356.0
9001.0
2339.0
178.0
65001.0
6651.0
380.0
1.392503e6
152046.0
3360.0
259777.0
29769.0
26429.0
5434.0
5999.0
4649.0
3.181291e6
5087.0
2193.0
863.0
15998.0
39381.0
825.0
23265.0
15998.0
258306.0
109237.0
38002.0
185840.0
38999.0
50626.0
8063.0
8201.0
73313.0
1.389653e6
10999.0
72387.0
54787.0
258999.0
74093.0
147582.0
9681.0
24496.0
44764.0
267498.0
46248.0
155946.0
256708.0
351638.0
81236.0
583013.0
6854.0
24181.0
36001.0
8001.0
23919.0
391.0
361.0
265.0
5795.0
7558.0
58801.0
149935.0
22283.0
220681.0
106650.0
11774.0
13974.0
87559.0
535.0
446.0
367.0
22545.0
41384.0
373753.0
202580.0
2319.0
6293.0
310632.0
64.0
6003.0
837673.0
1.6531014e7
940568.0
672341.0
5.5110937e7
4.397436e6
1.6531169e7
14227.0
1.671293e7
427481.0
23449.0
38445.0
23147.0
290837.0
201265.0
7876.0
734.0
155405.0
233164.0
413612.0
35163.0
7891.0
14585.0
160.0
6420.0
1.50228e6
98349.0
38145.0
154605.0
238999.0
783041.0
30865.0
1.347657e6
80437.0
1.960998e6
150891.0
500206.0
1.152349e6
20501.0
528122.0
4889.0
403101.0
181001.0
52999.0
81912.0
262760.0
146391.0
79217.0
2.606792e6
594973.0
798880.0
4.878054e6
3.643518e6
367148.0
4.7284738e7
4.9507051e7
302959.0
5.0526568e7
467213.0
151401.0
74653.0
1.875501e6
46465.0
47240.0
4.9509401e7
811.0
4421.0
5500.0
177.0
5330.0
38500.0
5378.0
120110.0
5430.0
16549.0
33059.0
46262.0
6029.0
329864.0
111868.0
532.0
31582.0
296208.0
74500.0
23093.0
5677.0
8198.0
96567.0
6406.0
205390.0
61008.0
4997.0
502.0
15421.0
5506.0
5502.0
76.0
267.0
266.0
17919.0
7335.0
125878.0
18088.0
325.0
13904.0
702.0
221.0
19502.0
5002.0
31229.0
25661.0
7811.0
1982.0
82560.0
138.0
18425.0
6616.0
149534.0
55.0
47.0
25.0
37.0
56.0
75.0
19.0
58.0
57.0
4.976878e6
76.0
411461.0
494201.0
695470.0
365396.0
674975.0
57628.0
273246.0
43242.0
9086.0
19723.0
106881.0
995.0
99571.0
4.0
46.0
930401.0
17570.0
476802.0
65608.0
5298.0
5313.0
20048.0
32867.0
33394.0
12883.0
19.0
2501.0
94.0
110.0
189.0
246.0
34281.0
20367.0
237130.0
22054.0
7501.0
481803.0
79.0
86214.0
661.0
9493.0
710.0
2027.0
5843.0
12556.0
35563.0
16748.0
83.0
5058.0
49169.0
47099.0
85549.0
17999.0
24203.0
679.0
12965.0
695.0
1182.0
590.0
540.0
1984.0
78.0
4225.0
482.0
609.0
62.0
539.0
516.0
190.0
10697.0
163.0
4997.0
38750.0
3055.0
742.0
800.0
3809.0
4253.0
1154.0
1121.0
4996.0
3580.0
2716.0
572.0
7272.0
55.0
4952.0
33515.0
16187.0
13559.0
6061.0
4959.0
5536.0
22466.0
7198.0
46375.0
16602.0
91591.0
14559.0
79.0
6109.0
78.0
4190.0
283.0
128.0
5394.0
64532.0
17097.0
119.0
22497.0
146587.0
5245.0
546.0
1923.0
1205.0
3119.0
92453.0
12001.0
16370.0
8742.0
1877.0
67840.0
459650.0
6473.0
18027.0
20263.0
237.0
41517.0
452083.0
12604.0
96.0
4125.0
8478.0
23271.0
5120.0
815.0
10848.0
7078.0
662.0
24510.0
3112.0
163.0
493.0
163.0
8724.0
8618.0
17230.0
9002.0
36.0
638.0
171.0
5017.0
774.0
124674.0
561.0
686.0
190742.0
12605.0
31000.0
1101.0
10912.0
7614.0
368.0
463.0
6200.0
515.0
416393.0
25001.0
204201.0
420502.0
955156.0
178824.0
23936.0
164716.0
225700.0
50.0
806.0
552990.0
274923.0
65669.0
377001.0
2.995155e6
1.5689889e7
94050.0
69058.0
770012.0
41113.0
621.0
7838.0
23398.0
38401.0
4288.0
5599.0
7001.0
18387.0
66903.0
528392.0
51099.0
14298.0
848.0
1739.0
6970.0
115.0
66021.0
581.0
329.0
1481.0
14295.0
10706.0
186246.0
8324.0
7661.0
34300.0
106243.0
292970.0
18896.0
4583.0
4140.0
48066.0
189302.0
6001.0
12462.0
89807.0
2087.0
2166.0
124871.0
3050.0
4.374339e6
9.163601e6
429404.0
164298.0
20889.0
58999.0
10.0
6970.0
44655.0
95029.0
184195.0
47003.0
46518.0
118035.0
51728.0
610523.0
356956.0
152011.0
142999.0
86499.0
249251.0
31387.0
651934.0
89234.0
7002.0
319271.0
269986.0
30201.0
55999.0
2442.0
185659.0
51052.0
34629.0
47103.0
70403.0
25490.0
1.822362e6
64286.0
163528.0
270966.0
34002.0
24579.0
707908.0
349237.0
1.5290788e7
289202.0
59884.0
82860.0
183055.0
55959.0
164127.0
3.239624e6
29763.0
156089.0
36283.0
176341.0
108026.0
304037.0
15827.0
492539.0
203228.0
204524.0
61963.0
9187.0
118604.0
128982.0
158836.0
368073.0
43286.0
17085.0
51612.0
148430.0
125851.0
81295.0
76753.0
59370.0
26782.0
215377.0
1905.0
1092.0
5125.0
17167.0
5275.0
133672.0
188987.0
33207.0
27963.0
12111.0
46260.0
1711.0
6101.0
4551.0
13555.0
9416.0
171602.0
7193.0
29799.0
8701.0
14109.0
841.0
34273.0
10401.0
128402.0
3827.0
128283.0
32473.0
22006.0
166848.0
47783.0
4221.0
527002.0
5041.0
5484.0
846.0
174931.0
128187.0
638.0
111836.0
10996.0
11782.0
755.0
109899.0
6010.0
8572.0
36573.0
12198.0
24747.0
2.032403e6
537135.0
356317.0
85906.0
2.939483e6
3476.0
5836.0
13174.0
106740.0
753.0
5189.0
33639.0
8.373801e6
708726.0
24158.0
3613.0
4578.0
36805.0
585762.0
582037.0
576653.0
541359.0
395.0
9001.0
523641.0
17122.0
753.0
829.0
5973.0
8600.0
8002.0
15214.0
82854.0
11346.0
2235.0
17315.0
208.0
5017.0
489339.0
105030.0
1294.0
39446.0
430.0
9998.0
5.362183e6
83.0
26.0
589.0
49.0
125.0
2020.0
486.0
3365.0
2335.0
19567.0
3630.0
3494.0
64.0
522254.0
2.164224e6
31868.0
849.0
654.0
2100.0
878434.0
9999.0
263530.0
600.0
3478.0
3129.0
6752.0
413999.0
18922.0
327002.0
23465.0
237.0
5051.0
5551.0
36285.0
7140.0
2679.0
3864.0
501254.0
2222.0
13793.0
6001.0
8417.0
46199.0
383.0
7905.0
5638.0
1239.0
10020.0
982.0
2102.0
272.0
4984.0
1177.0
15366.0
687.0
622.0
479.0
28427.0
41401.0
719.0
75.0
943.0
489.0
24000.0
921.0
3310.0
3722.0
9484.0
7620.0
127066.0
19004.0
2588.0
24999.0
45903.0
183842.0
106621.0
186482.0
13936.0
675.0
60608.0
5111.0
502.0
236229.0
206578.0
792.0
92708.0
20846.0
18386.0
715.0
804.0
1856.0
81.0
47.0
6813.0
36573.0
6998.0
37151.0
712.0
4553.0
13198.0
11999.0
9897.0
20562.0
73.0
62393.0
14999.0
39999.0
75288.0
10712.0
287157.0
8375.0
39494.0
20522.0
737.0
5101.0
9069.0
26198.0
48633.0
7999.0
3268.0
36080.0
6997.0
658.0
5817.0
39417.0
155946.0
4492.0
5001.0
8999.0
7998.0
5.367659e6
5.424659e6
5.362183e6
5.362183e6
5.362183e6
5.439183e6
12052.0
23842.0
5546.0
156.0
107999.0
532654.0
517254.0
521804.0
557879.0
60489.0
7001.0
4492.0
22648.0
22999.0
9003.0
25998.0
22203.0
1.118451e6
264586.0
10996.0
529.0
6008.0
13018.0
169001.0
72832.0
615191.0
235350.0
24802.0
350106.0
34973.0
5101.0
27034.0
157.0
9193.0
65048.0
145807.0
101329.0
11412.0
10999.0
182002.0
24010.0
15982.0
10633.0
358083.0
5993.0
191637.0
9099.0
14269.0
34484.0
34499.0
35763.0
43999.0
44001.0
27151.0
10396.0
233808.0
456110.0
92538.0
8301.0
26351.0
9002.0
55920.0
211749.0
8492.0
4992.0
29194.0
20912.0
7686.0
23574.0
6052.0
21010.0
118477.0
535355.0
7146.0
142470.0
1334.0
14092.0
147386.0
144023.0
7201.0
13138.0
20918.0
16000.0
151534.0
541187.0
5680.0
71367.0
8000.0
16873.0
37000.0
49863.0
6656.0
7502.0
105780.0
48104.0
12004.0
16049.0
505590.0
505840.0
550780.0
51043.0
503642.0
391.0
13270.0
5480.0
699.0
79725.0
18574.0
159155.0
1063.0
18180.0
10001.0
466.0
436.0
870.0
898.0
267493.0
7504.0
6000.0
102971.0
11293.0
11092.0
5348.0
7994.0
25244.0
38136.0
472287.0
4011.0
158389.0
40483.0
100776.0
216420.0
16954.0
113402.0
148583.0
69082.0
148583.0
30780.0
140173.0
287685.0
133932.0
126731.0
117635.0
240.0
5180.0
51542.0
316901.0
427494.0
8196.0
576646.0
576196.0
456980.0
435965.0
47998.0
6332.0
5490.0
10994.0
103615.0
6210.0
47899.0
116210.0
229816.0
251219.0
174.0
183.0
93.0
6019.0
71403.0
130180.0
13107.0
32999.0
21100.0
78000.0
197005.0
163.0
21051.0
1.070733e6
110999.0
39999.0
738894.0
102446.0
189505.0
29996.0
10985.0
159593.0
40394.0
5508.0
22014.0
144382.0
22339.0
59499.0
65886.0
248131.0
13001.0
60939.0
6999.0
22.0
109.0
63.0
38.0
32.0
34.0
44.0
88.0
125990.0
75.0
53.0
46.0
31.0
29.0
42.0
47.0
139.0
118.0
116.0
110.0
182408.0
7003.0
50.0
51119.0
5632.0
5518.0
212924.0
53159.0
13999.0
33828.0
118764.0
101766.0
44500.0
21988.0
10665.0
5798.0
15053.0
98642.0
978.0
16135.0
17000.0
149534.0
146363.0
84732.0
146281.0
8997.0
52992.0
5108.0
7339.0
84608.0
7165.0
216371.0
15320.0
7294.0
479011.0
7998.0
9999.0
63984.0
6000.0
111369.0
527928.0
162571.0
33168.0
5301.0
64487.0
49680.0
464723.0
239176.0
210752.0
238641.0
239176.0
16602.0
74025.0
54605.0
17087.0
263.0
52098.0
174892.0
11001.0
230525.0
26639.0
6151.0
10987.0
337345.0
11272.0
59749.0
3871.0
24695.0
15009.0
7078.0
5591.0
13281.0
2529.0
115748.0
107510.0
4406.0
95605.0
74759.0
576746.0
9990.0
447980.0
5712.0
180734.0
6915.0
182408.0
141117.0
182355.0
6558.0
4992.0
9788.0
50054.0
16009.0
127653.0
84175.0
5688.0
24640.0
10949.0
19380.0
358410.0
110.0
13457.0
4414.0
57334.0
3589.0
3576.0
2031.0
80.0
3919.0
7027.0
26404.0
18203.0
335.0
13414.0
72339.0
560.0
9537.0
2089.0
9720.0
6369.0
605.0
514.0
729.0
383.0
58.0
6498.0
633.0
524.0
456.0
8968.0
255087.0
42894.0
1463.0
16484.0
12703.0
13500.0
5002.0
13194.0
4542.0
26837.0
11061.0
17701.0
95099.0
609902.0
203802.0
33601.0
569.0
5400.0
6321.0
9198.0
5402.0
15873.0
27874.0
770.0
3160.0
3628.0
3471.0
45987.0
7364.0
8997.0
25855.0
14499.0
448130.0
6317.0
5994.0
45987.0
9563.0
6004.0
234334.0
5294.0
17996.0
861.0
2497.0
6099.0
2261.0
5748.0
13843.0
114164.0
356341.0
5000.0
47529.0
20085.0
14780.0
60775.0
69071.0
63.0
46.0
676.0
5296.0
55999.0
103615.0
111316.0
236736.0
90219.0
26200.0
71161.0
404.0
788.0
83265.0
189314.0
273811.0
9851.0
4478.0
65402.0
35978.0
38938.0
458042.0
131701.0
11373.0
14864.0
13997.0
18715.0
353564.0
97777.0
18646.0
11553.0
69082.0
31558.0
94.0
108614.0
16434.0
1982.0
888.0
6001.0
60880.0
60277.0
60277.0
59679.0
59946.0
58898.0
58312.0
58439.0
58242.0
58298.0
33581.0
234863.0
12397.0
27595.0
14551.0
32969.0
456626.0
481451.0
156322.0
60716.0
6248.0
9963.0
692798.0
8955.0
50.0
1.240224e6
316700.0
61577.0
37423.0
296302.0
26466.0
1.467371e6
402819.0
3.4035867e7
713978.0
834664.0
26686.0
4.273993e6
4.383735e6
4.5023e6
4.341521e6
4.454407e6
4.304999e6
4.165232e6
4.165292e6
255351.0
14571.0
7866.0
147678.0
36580.0
147399.0
19103.0
182565.0
118366.0
1701.0
23820.0
22968.0
3057.0
429973.0
49301.0
757.0
12406.0
4287.0
49420.0
27.0
23665.0
40783.0
10506.0
16198.0
27941.0
4194.0
95015.0
9012.0
110839.0
5002.0
464.0
5429.0
13396.0
69983.0
3467.0
7228.0
1578.0
6403.0
9003.0
7249.0
137369.0
9078.0
12997.0
88.0
13400.0
1008.0
228598.0
1128.0
19275.0
316275.0
8301.0
11005.0
249.0
81.0
118862.0
54.0
30002.0
147150.0
47656.0
32792.0
48993.0
111374.0
8368.0
6967.0
2205.0
6398.0
12905.0
3907.0
743.0
2545.0
1494.0
3731.0
12411.0
9751.0
3463.0
2370.0
19457.0
8013.0
318805.0
5996.0
28983.0
36002.0
39998.0
26719.0
8770.0
13799.0
16402.0
28048.0
102014.0
33474.0
10422.0
122291.0
9001.0
83683.0
11000.0
10479.0
6781.0
5781.0
5010.0
54007.0
11989.0
83562.0
18345.0
16004.0
61001.0
61945.0
22444.0
17199.0
115280.0
17199.0
51920.0
36003.0
39003.0
382615.0
10727.0
114964.0
17001.0
25003.0
7454.0
110693.0
41376.0
16008.0
184824.0
1525.0
1703.0
2690.0
4907.0
3773.0
24188.0
7999.0
25271.0
9980.0
15870.0
5980.0
1428.0
5591.0
8179.0
74166.0
20931.0
163419.0
6977.0
318478.0
47142.0
128296.0
9050.0
60991.0
19732.0
211.0
744597.0
467157.0
71171.0
8354.0
467950.0
192025.0
209797.0
207166.0
555683.0
114583.0
6103.0
1.007627e6
8001.0
2618.0
2583.0
2605.0
2608.0
2607.0
17657.0
12919.0
37812.0
142000.0
100272.0
4287.0
11998.0
452560.0
104399.0
150001.0
58874.0
179051.0
571769.0
567973.0
114869.0
56223.0
16592.0
8301.0
7001.0
149632.0
480.0
5840.0
20338.0
19985.0
65448.0
148503.0
160523.0
6006.0
17996.0
311833.0
309636.0
58919.0
19314.0
8826.0
6766.0
63491.0
55916.0
128076.0
62.0
419.0
9484.0
6002.0
113934.0
37138.0
5099.0
121312.0
4994.0
47119.0
7168.0
2241.0
5001.0
5023.0
4906.0
3396.0
1573.0
158.0
8007.0
5802.0
9816.0
11696.0
370213.0
17887.0
1535.0
6364.0
13576.0
6680.0
37021.0
66353.0
21665.0
60695.0
155519.0
752.0
846.0
84682.0
52198.0
27989.0
75669.0
56180.0
10195.0
15923.0
11508.0
529.0
693.0
49260.0
683.0
11892.0
3959.0
157994.0
182635.0
33099.0
1772.0
730.0
12007.0
731150.0
957462.0
838232.0
712213.0
568114.0
571945.0
555211.0
536375.0
145199.0
371199.0
712473.0
34501.0
278.0
373925.0
1.111002e6
71001.0
785555.0
14329.0
58160.0
226999.0
146279.0
42151.0
257399.0
60451.0
223001.0
238815.0
349654.0
166.0
8125.0
510644.0
415888.0
207006.0
500356.0
372237.0
1834.0
12999.0
215670.0
2167.0
23665.0
258097.0
39999.0
720.0
19088.0
2964.0
5268.0
581519.0
6310.0
6079.0
25648.0
4232.0
108808.0
16501.0
14000.0
471639.0
8998.0
198827.0
44996.0
124777.0
28001.0
5213.0
44934.0
134084.0
125534.0
97035.0
1.255203e6
25101.0
356712.0
40977.0
149696.0
26004.0
