/nas/longleaf/home/pogrant/.conda/envs/julia/bin/julia
ERROR: LoadError: identifier is missing
Stacktrace:
 [1] missingerror(::Symbol) at /nas/longleaf/home/pogrant/.julia/packages/BioCore/YBJvb/src/Exceptions.jl:22
 [2] identifier(::BioSequences.FASTA.Record) at /nas/longleaf/home/pogrant/.julia/packages/BioSequences/7i86L/src/fasta/record.jl:161
 [3] top-level scope at /proj/berglab/projects/LiftOver/scripts/julia_script/script.jl:10 [inlined]
 [4] top-level scope at ./none:0
 [5] include at ./boot.jl:326 [inlined]
 [6] include_relative(::Module, ::String) at ./loading.jl:1038
 [7] include(::Module, ::String) at ./sysimg.jl:29
 [8] exec_options(::Base.JLOptions) at ./client.jl:267
 [9] _start() at ./client.jl:436
in expression starting at /proj/berglab/projects/LiftOver/scripts/julia_script/script.jl:9
  Updating registry at `~/.julia/registries/General`
  Updating git-repo `https://github.com/JuliaRegistries/General.git`
[?25l[2K[?25h Resolving package versions...
  Updating `~/.julia/environments/v1.1/Project.toml`
 [no changes]
  Updating `~/.julia/environments/v1.1/Manifest.toml`
 [no changes]
NC_000001.11BioSequences.FASTA
NC_000002.12BioSequences.FASTA
NC_000003.12BioSequences.FASTA
NC_000004.12BioSequences.FASTA
NC_000005.10BioSequences.FASTA
NC_000006.12BioSequences.FASTA
NC_000007.14BioSequences.FASTA
NC_000008.11BioSequences.FASTA
NC_000009.12BioSequences.FASTA
NC_000010.11BioSequences.FASTA
NC_000011.10BioSequences.FASTA
NC_000012.12BioSequences.FASTA
NC_000013.11BioSequences.FASTA
NC_000014.9BioSequences.FASTA
NC_000015.10BioSequences.FASTA
NC_000016.10BioSequences.FASTA
NC_000017.11BioSequences.FASTA
NC_000018.10BioSequences.FASTA
NC_000019.10BioSequences.FASTA
NC_000020.11BioSequences.FASTA
NC_000021.9BioSequences.FASTA
NC_000022.11BioSequences.FASTA
NC_000023.11BioSequences.FASTA
NC_000024.10BioSequences.FASTA
NC_012920.1BioSequences.FASTA
NT_187361.1BioSequences.FASTA
NT_187362.1BioSequences.FASTA
NT_187363.1BioSequences.FASTA
NT_187364.1BioSequences.FASTA
NT_187365.1BioSequences.FASTA
NT_187366.1BioSequences.FASTA
NT_187367.1BioSequences.FASTA
NT_187368.1BioSequences.FASTA
NT_187369.1BioSequences.FASTA
NT_187370.1BioSequences.FASTA
NT_187371.1BioSequences.FASTA
NT_167215.1BioSequences.FASTA
NT_113793.3BioSequences.FASTA
NT_113948.1BioSequences.FASTA
NT_187372.1BioSequences.FASTA
NT_187373.1BioSequences.FASTA
NT_187374.1BioSequences.FASTA
NT_187375.1BioSequences.FASTA
NT_187376.1BioSequences.FASTA
NT_113796.3BioSequences.FASTA
NT_167219.1BioSequences.FASTA
NT_187377.1BioSequences.FASTA
NT_113888.1BioSequences.FASTA
NT_187378.1BioSequences.FASTA
NT_187379.1BioSequences.FASTA
NT_187380.1BioSequences.FASTA
NT_187381.1BioSequences.FASTA
NT_187382.1BioSequences.FASTA
NT_187383.1BioSequences.FASTA
NT_113930.2BioSequences.FASTA
NT_187384.1BioSequences.FASTA
NT_187385.1BioSequences.FASTA
NT_187386.1BioSequences.FASTA
NT_187387.1BioSequences.FASTA
NT_187388.1BioSequences.FASTA
NT_187389.1BioSequences.FASTA
NT_187390.1BioSequences.FASTA
NT_187391.1BioSequences.FASTA
NT_187392.1BioSequences.FASTA
NT_187393.1BioSequences.FASTA
NT_187394.1BioSequences.FASTA
NT_187395.1BioSequences.FASTA
NT_187396.1BioSequences.FASTA
NT_187397.1BioSequences.FASTA
NT_187398.1BioSequences.FASTA
NT_187399.1BioSequences.FASTA
NT_187400.1BioSequences.FASTA
NT_187401.1BioSequences.FASTA
NT_187402.1BioSequences.FASTA
NT_187403.1BioSequences.FASTA
NT_187404.1BioSequences.FASTA
NT_187405.1BioSequences.FASTA
NT_187406.1BioSequences.FASTA
NT_187407.1BioSequences.FASTA
NT_187408.1BioSequences.FASTA
NT_187409.1BioSequences.FASTA
NT_187410.1BioSequences.FASTA
NT_187411.1BioSequences.FASTA
NT_187412.1BioSequences.FASTA
NT_187413.1BioSequences.FASTA
NT_187414.1BioSequences.FASTA
NT_187415.1BioSequences.FASTA
NT_187416.1BioSequences.FASTA
NT_187417.1BioSequences.FASTA
NT_187418.1BioSequences.FASTA
NT_187419.1BioSequences.FASTA
NT_187420.1BioSequences.FASTA
NT_187421.1BioSequences.FASTA
NT_187422.1BioSequences.FASTA
NT_187423.1BioSequences.FASTA
NT_187424.1BioSequences.FASTA
NT_187425.1BioSequences.FASTA
NT_187426.1BioSequences.FASTA
NT_187427.1BioSequences.FASTA
NT_187428.1BioSequences.FASTA
NT_187429.1BioSequences.FASTA
NT_187430.1BioSequences.FASTA
NT_187431.1BioSequences.FASTA
NT_187432.1BioSequences.FASTA
NT_187433.1BioSequences.FASTA
NT_187434.1BioSequences.FASTA
NT_187435.1BioSequences.FASTA
NT_187436.1BioSequences.FASTA
NT_187437.1BioSequences.FASTA
NT_187438.1BioSequences.FASTA
NT_187439.1BioSequences.FASTA
NT_187440.1BioSequences.FASTA
NT_187441.1BioSequences.FASTA
NT_187442.1BioSequences.FASTA
NT_187443.1BioSequences.FASTA
NT_187444.1BioSequences.FASTA
NT_187445.1BioSequences.FASTA
NT_187446.1BioSequences.FASTA
NT_187447.1BioSequences.FASTA
NT_187448.1BioSequences.FASTA
NT_187449.1BioSequences.FASTA
NT_187450.1BioSequences.FASTA
NT_187451.1BioSequences.FASTA
NT_187452.1BioSequences.FASTA
NT_187453.1BioSequences.FASTA
NT_187454.1BioSequences.FASTA
NT_187455.1BioSequences.FASTA
NT_187456.1BioSequences.FASTA
NT_187457.1BioSequences.FASTA
NT_187458.1BioSequences.FASTA
NT_187459.1BioSequences.FASTA
NT_187460.1BioSequences.FASTA
NT_187461.1BioSequences.FASTA
NT_187462.1BioSequences.FASTA
NT_187463.1BioSequences.FASTA
NT_187464.1BioSequences.FASTA
NT_187465.1BioSequences.FASTA
NT_187466.1BioSequences.FASTA
NT_187467.1BioSequences.FASTA
NT_187468.1BioSequences.FASTA
NT_187469.1BioSequences.FASTA
NT_187470.1BioSequences.FASTA
NT_187471.1BioSequences.FASTA
NT_187472.1BioSequences.FASTA
NT_187473.1BioSequences.FASTA
NT_187474.1BioSequences.FASTA
NT_187475.1BioSequences.FASTA
NT_187476.1BioSequences.FASTA
NT_187477.1BioSequences.FASTA
NT_187478.1BioSequences.FASTA
NT_187479.1BioSequences.FASTA
NT_187480.1BioSequences.FASTA
NT_187481.1BioSequences.FASTA
NT_187482.1BioSequences.FASTA
NT_187483.1BioSequences.FASTA
NT_187484.1BioSequences.FASTA
NT_187485.1BioSequences.FASTA
NT_187486.1BioSequences.FASTA
NT_187487.1BioSequences.FASTA
NT_187488.1BioSequences.FASTA
NT_187489.1BioSequences.FASTA
NT_187490.1BioSequences.FASTA
NT_187491.1BioSequences.FASTA
NT_187492.1BioSequences.FASTA
NT_187493.1BioSequences.FASTA
NT_187494.1BioSequences.FASTA
NT_187495.1BioSequences.FASTA
NT_187496.1BioSequences.FASTA
NT_113901.1BioSequences.FASTA
NT_167213.1BioSequences.FASTA
NT_167214.1BioSequences.FASTA
NT_167218.1BioSequences.FASTA
NT_187497.1BioSequences.FASTA
NT_167220.1BioSequences.FASTA
NT_167208.1BioSequences.FASTA
NT_187498.1BioSequences.FASTA
NT_187499.1BioSequences.FASTA
NT_187500.1BioSequences.FASTA
NT_187501.1BioSequences.FASTA
NT_187502.1BioSequences.FASTA
NT_187503.1BioSequences.FASTA
NT_187504.1BioSequences.FASTA
NT_187505.1BioSequences.FASTA
NT_187506.1BioSequences.FASTA
NT_187507.1BioSequences.FASTA
NT_187508.1BioSequences.FASTA
NT_187509.1BioSequences.FASTA
NT_187510.1BioSequences.FASTA
NT_187511.1BioSequences.FASTA
NT_187512.1BioSequences.FASTA
NT_167209.1BioSequences.FASTA
NT_187513.1BioSequences.FASTA
NT_167211.2BioSequences.FASTA
NT_113889.1BioSequences.FASTA
