/nas/longleaf/home/pogrant/.conda/envs/julia/bin/julia
  Updating registry at `~/.julia/registries/General`
  Updating git-repo `https://github.com/JuliaRegistries/General.git`
[?25l[2K[?25h Resolving package versions...
  Updating `~/.julia/environments/v1.1/Project.toml`
 [no changes]
  Updating `~/.julia/environments/v1.1/Manifest.toml`
 [no changes]
NC_000001.11NC_000001.10
NC_000001.11NC_000010.10
NC_000001.11NC_000011.9
NC_000001.11NC_000012.11
NC_000001.11NC_000013.10
NC_000001.11NC_000014.8
NC_000001.11NC_000015.9
NC_000001.11NC_000016.9
NC_000001.11NC_000017.10
NC_000001.11NC_000018.9
NC_000001.11NC_000019.9
NC_000001.11NC_000002.11
NC_000001.11NC_000020.10
NC_000001.11NC_000021.8
NC_000001.11NC_000022.10
NC_000001.11NC_000003.11
NC_000001.11NC_000004.11
NC_000001.11NC_000005.9
NC_000001.11NC_000006.11
NC_000001.11NC_000007.13
NC_000001.11NC_000008.10
NC_000001.11NC_000009.11
NC_000001.11NC_012920.1
NC_000001.11NC_000023.10
NC_000001.11NC_000024.9
NC_000001.11NT_167207.1
NC_000001.11NT_167219.1
NC_000001.11NT_113888.1
NC_000001.11NT_113885.1
NC_000001.11NT_113915.1
NC_000001.11NT_167216.1
NC_000001.11NT_113923.1
NC_000001.11NT_113901.1
NC_000001.11NT_167217.1
NC_000001.11NT_167218.1
NC_000001.11NT_167213.1
NC_000001.11NT_113930.1
NC_000001.11NT_167210.1
NC_000001.11NT_167211.1
NC_000001.11NT_167212.1
NC_000001.11NT_113916.2
NC_000001.11NT_113961.1
NC_000001.11NT_167208.1
NC_000001.11NT_167214.1
NC_000001.11NT_113889.1
NC_000001.11NT_113949.1
NC_000001.11NT_167215.1
NC_000001.11NT_167209.1
NC_000001.11NT_167222.1
NC_000001.11NT_167221.1
NC_000001.11NT_113878.1
NC_000001.11NT_113948.1
NC_000001.11NT_113914.1
NC_000001.11NT_113943.1
NC_000001.11NT_167227.1
NC_000001.11NT_167231.1
NC_000001.11NT_167224.1
NC_000001.11NT_167236.1
NC_000001.11NT_167237.1
NC_000001.11NT_167235.1
NC_000001.11NT_167230.1
NC_000001.11NT_167234.1
NC_000001.11NT_113945.1
NC_000001.11NT_167226.1
NC_000001.11NT_167228.1
NC_000001.11NT_113921.2
NC_000001.11NT_167232.1
NC_000001.11NT_167238.1
NC_000001.11NT_167242.1
NC_000001.11NT_113909.1
NC_000001.11NT_167243.1
NC_000001.11NT_167240.1
NC_000001.11NT_113941.1
NC_000001.11NT_113907.1
NC_000001.11NT_167239.1
NC_000001.11NT_167241.1
NC_000001.11NT_113911.1
NC_000001.11NT_167229.1
NC_000001.11NT_167233.1
NC_000001.11NT_113950.2
NC_000001.11NT_167225.1
NC_000001.11NT_167223.1
NC_000001.11NT_167220.1
NC_000001.11NT_113947.1
